2022-11-01 11:41:42.544 DEBUG [TestNG-tests-1] [io.netty.util.internal.logging.InternalLoggerFactory.useLog4J2LoggerFactory(InternalLoggerFactory.java:76)] - Using Log4J2 as the default logging framework
2022-11-01 11:41:42.582 DEBUG [TestNG-tests-1] [io.netty.util.ResourceLeakDetector.<clinit>(ResourceLeakDetector.java:129)] - -Dio.netty.leakDetection.level: simple
2022-11-01 11:41:42.583 DEBUG [TestNG-tests-1] [io.netty.util.ResourceLeakDetector.<clinit>(ResourceLeakDetector.java:130)] - -Dio.netty.leakDetection.targetRecords: 4
2022-11-01 11:41:42.615 DEBUG [TestNG-tests-1] [io.netty.util.ResourceLeakDetectorFactory$DefaultResourceLeakDetectorFactory.newResourceLeakDetector(ResourceLeakDetectorFactory.java:196)] - Loaded default ResourceLeakDetector: io.netty.util.ResourceLeakDetector@3d0fc760
2022-11-01 11:41:42.722 DEBUG [TestNG-tests-1] [io.netty.util.internal.PlatformDependent0.explicitNoUnsafeCause0(PlatformDependent0.java:495)] - -Dio.netty.noUnsafe: false
2022-11-01 11:41:42.723 DEBUG [TestNG-tests-1] [io.netty.util.internal.PlatformDependent0.javaVersion0(PlatformDependent0.java:998)] - Java version: 19
2022-11-01 11:41:42.726 DEBUG [TestNG-tests-1] [io.netty.util.internal.PlatformDependent0.<clinit>(PlatformDependent0.java:136)] - sun.misc.Unsafe.theUnsafe: available
2022-11-01 11:41:42.727 DEBUG [TestNG-tests-1] [io.netty.util.internal.PlatformDependent0.<clinit>(PlatformDependent0.java:160)] - sun.misc.Unsafe.copyMemory: available
2022-11-01 11:41:42.729 DEBUG [TestNG-tests-1] [io.netty.util.internal.PlatformDependent0.<clinit>(PlatformDependent0.java:192)] - sun.misc.Unsafe.storeFence: available
2022-11-01 11:41:42.762 DEBUG [TestNG-tests-1] [io.netty.util.internal.PlatformDependent0.<clinit>(PlatformDependent0.java:235)] - java.nio.Buffer.address: available
2022-11-01 11:41:42.764 DEBUG [TestNG-tests-1] [io.netty.util.internal.PlatformDependent0.<clinit>(PlatformDependent0.java:319)] - direct buffer constructor: unavailable: Reflective setAccessible(true) disabled
2022-11-01 11:41:42.767 DEBUG [TestNG-tests-1] [io.netty.util.internal.PlatformDependent0.<clinit>(PlatformDependent0.java:384)] - java.nio.Bits.unaligned: available, true
2022-11-01 11:41:42.771 DEBUG [TestNG-tests-1] [io.netty.util.internal.PlatformDependent0.<clinit>(PlatformDependent0.java:451)] - jdk.internal.misc.Unsafe.allocateUninitializedArray(int): unavailable: class io.netty.util.internal.PlatformDependent0$7 cannot access class jdk.internal.misc.Unsafe (in module java.base) because module java.base does not export jdk.internal.misc to unnamed module @33833882
2022-11-01 11:41:42.790 DEBUG [TestNG-tests-1] [io.netty.util.internal.PlatformDependent0.<clinit>(PlatformDependent0.java:481)] - java.nio.DirectByteBuffer.<init>(long, int): unavailable
2022-11-01 11:41:42.791 DEBUG [TestNG-tests-1] [io.netty.util.internal.PlatformDependent.unsafeUnavailabilityCause0(PlatformDependent.java:1120)] - sun.misc.Unsafe: available
2022-11-01 11:41:42.793 DEBUG [TestNG-tests-1] [io.netty.util.internal.PlatformDependent.estimateMaxDirectMemory(PlatformDependent.java:1231)] - maxDirectMemory: 1048576000 bytes (maybe)
2022-11-01 11:41:42.795 DEBUG [TestNG-tests-1] [io.netty.util.internal.PlatformDependent.tmpdir0(PlatformDependent.java:1250)] - -Dio.netty.tmpdir: C:\Users\PRAKAS~1\AppData\Local\Temp (java.io.tmpdir)
2022-11-01 11:41:42.795 DEBUG [TestNG-tests-1] [io.netty.util.internal.PlatformDependent.bitMode0(PlatformDependent.java:1329)] - -Dio.netty.bitMode: 64 (sun.arch.data.model)
2022-11-01 11:41:42.797 DEBUG [TestNG-tests-1] [io.netty.util.internal.PlatformDependent.isWindows0(PlatformDependent.java:1080)] - Platform: Windows
2022-11-01 11:41:42.799 DEBUG [TestNG-tests-1] [io.netty.util.internal.PlatformDependent.<clinit>(PlatformDependent.java:178)] - -Dio.netty.maxDirectMemory: -1 bytes
2022-11-01 11:41:42.800 DEBUG [TestNG-tests-1] [io.netty.util.internal.PlatformDependent.<clinit>(PlatformDependent.java:185)] - -Dio.netty.uninitializedArrayAllocationThreshold: -1
2022-11-01 11:41:42.805 DEBUG [TestNG-tests-1] [io.netty.util.internal.CleanerJava9.<clinit>(CleanerJava9.java:71)] - java.nio.ByteBuffer.cleaner(): available
2022-11-01 11:41:42.806 DEBUG [TestNG-tests-1] [io.netty.util.internal.PlatformDependent.<clinit>(PlatformDependent.java:205)] - -Dio.netty.noPreferDirect: false
2022-11-01 11:41:42.825 DEBUG [TestNG-tests-1] [io.netty.util.internal.PlatformDependent$Mpsc.<clinit>(PlatformDependent.java:971)] - org.jctools-core.MpscChunkedArrayQueue: available
2022-11-01 11:41:43.103 DEBUG [TestNG-tests-1] [io.netty.util.internal.InternalThreadLocalMap.<clinit>(InternalThreadLocalMap.java:86)] - -Dio.netty.threadLocalMap.stringBuilder.initialSize: 1024
2022-11-01 11:41:43.104 DEBUG [TestNG-tests-1] [io.netty.util.internal.InternalThreadLocalMap.<clinit>(InternalThreadLocalMap.java:89)] - -Dio.netty.threadLocalMap.stringBuilder.maxSize: 4096
2022-11-01 11:41:44.567 DEBUG [TestNG-tests-1] [io.netty.handler.ssl.JdkSslContext.<clinit>(JdkSslContext.java:83)] - Default protocols (JDK): [TLSv1.3, TLSv1.2] 
2022-11-01 11:41:44.567 DEBUG [TestNG-tests-1] [io.netty.handler.ssl.JdkSslContext.<clinit>(JdkSslContext.java:84)] - Default cipher suites (JDK): [TLS_ECDHE_ECDSA_WITH_AES_256_GCM_SHA384, TLS_ECDHE_ECDSA_WITH_AES_128_GCM_SHA256, TLS_ECDHE_RSA_WITH_AES_128_GCM_SHA256, TLS_ECDHE_RSA_WITH_AES_256_GCM_SHA384, TLS_ECDHE_RSA_WITH_AES_128_CBC_SHA, TLS_ECDHE_RSA_WITH_AES_256_CBC_SHA, TLS_RSA_WITH_AES_128_GCM_SHA256, TLS_RSA_WITH_AES_128_CBC_SHA, TLS_RSA_WITH_AES_256_CBC_SHA, TLS_AES_128_GCM_SHA256, TLS_AES_256_GCM_SHA384]
2022-11-01 11:41:44.710 DEBUG [TestNG-tests-1] [io.netty.channel.MultithreadEventLoopGroup.<clinit>(MultithreadEventLoopGroup.java:44)] - -Dio.netty.eventLoopThreads: 8
2022-11-01 11:41:44.751 DEBUG [TestNG-tests-1] [io.netty.channel.nio.NioEventLoop.<clinit>(NioEventLoop.java:109)] - -Dio.netty.noKeySetOptimization: false
2022-11-01 11:41:44.751 DEBUG [TestNG-tests-1] [io.netty.channel.nio.NioEventLoop.<clinit>(NioEventLoop.java:110)] - -Dio.netty.selectorAutoRebuildThreshold: 512
2022-11-01 11:41:44.921 DEBUG [TestNG-tests-1] [io.netty.buffer.PooledByteBufAllocator.<clinit>(PooledByteBufAllocator.java:157)] - -Dio.netty.allocator.numHeapArenas: 8
2022-11-01 11:41:44.921 DEBUG [TestNG-tests-1] [io.netty.buffer.PooledByteBufAllocator.<clinit>(PooledByteBufAllocator.java:158)] - -Dio.netty.allocator.numDirectArenas: 8
2022-11-01 11:41:44.921 DEBUG [TestNG-tests-1] [io.netty.buffer.PooledByteBufAllocator.<clinit>(PooledByteBufAllocator.java:160)] - -Dio.netty.allocator.pageSize: 8192
2022-11-01 11:41:44.922 DEBUG [TestNG-tests-1] [io.netty.buffer.PooledByteBufAllocator.<clinit>(PooledByteBufAllocator.java:165)] - -Dio.netty.allocator.maxOrder: 9
2022-11-01 11:41:44.922 DEBUG [TestNG-tests-1] [io.netty.buffer.PooledByteBufAllocator.<clinit>(PooledByteBufAllocator.java:169)] - -Dio.netty.allocator.chunkSize: 4194304
2022-11-01 11:41:44.922 DEBUG [TestNG-tests-1] [io.netty.buffer.PooledByteBufAllocator.<clinit>(PooledByteBufAllocator.java:170)] - -Dio.netty.allocator.smallCacheSize: 256
2022-11-01 11:41:44.922 DEBUG [TestNG-tests-1] [io.netty.buffer.PooledByteBufAllocator.<clinit>(PooledByteBufAllocator.java:171)] - -Dio.netty.allocator.normalCacheSize: 64
2022-11-01 11:41:44.923 DEBUG [TestNG-tests-1] [io.netty.buffer.PooledByteBufAllocator.<clinit>(PooledByteBufAllocator.java:172)] - -Dio.netty.allocator.maxCachedBufferCapacity: 32768
2022-11-01 11:41:44.923 DEBUG [TestNG-tests-1] [io.netty.buffer.PooledByteBufAllocator.<clinit>(PooledByteBufAllocator.java:173)] - -Dio.netty.allocator.cacheTrimInterval: 8192
2022-11-01 11:41:44.923 DEBUG [TestNG-tests-1] [io.netty.buffer.PooledByteBufAllocator.<clinit>(PooledByteBufAllocator.java:174)] - -Dio.netty.allocator.cacheTrimIntervalMillis: 0
2022-11-01 11:41:44.923 DEBUG [TestNG-tests-1] [io.netty.buffer.PooledByteBufAllocator.<clinit>(PooledByteBufAllocator.java:175)] - -Dio.netty.allocator.useCacheForAllThreads: false
2022-11-01 11:41:44.923 DEBUG [TestNG-tests-1] [io.netty.buffer.PooledByteBufAllocator.<clinit>(PooledByteBufAllocator.java:176)] - -Dio.netty.allocator.maxCachedByteBuffersPerChunk: 1023
2022-11-01 11:41:44.945 DEBUG [TestNG-tests-1] [io.netty.buffer.ByteBufUtil.<clinit>(ByteBufUtil.java:87)] - -Dio.netty.allocator.type: pooled
2022-11-01 11:41:44.945 DEBUG [TestNG-tests-1] [io.netty.buffer.ByteBufUtil.<clinit>(ByteBufUtil.java:96)] - -Dio.netty.threadLocalDirectBufferSize: 0
2022-11-01 11:41:44.945 DEBUG [TestNG-tests-1] [io.netty.buffer.ByteBufUtil.<clinit>(ByteBufUtil.java:99)] - -Dio.netty.maxThreadLocalCharBufferSize: 16384
2022-11-01 11:41:47.526 DEBUG [Forwarding newSession on session null to remote] [io.netty.channel.DefaultChannelId.<clinit>(DefaultChannelId.java:79)] - -Dio.netty.processId: 8248 (auto-detected)
2022-11-01 11:41:47.530 DEBUG [Forwarding newSession on session null to remote] [io.netty.util.NetUtil.<clinit>(NetUtil.java:136)] - -Djava.net.preferIPv4Stack: false
2022-11-01 11:41:47.531 DEBUG [Forwarding newSession on session null to remote] [io.netty.util.NetUtil.<clinit>(NetUtil.java:137)] - -Djava.net.preferIPv6Addresses: false
2022-11-01 11:41:47.547 DEBUG [Forwarding newSession on session null to remote] [io.netty.util.NetUtilInitializations.determineLoopback(NetUtilInitializations.java:129)] - Loopback interface: lo (Software Loopback Interface 1, 127.0.0.1)
2022-11-01 11:41:47.558 DEBUG [Forwarding newSession on session null to remote] [io.netty.util.NetUtil$SoMaxConnAction.run(NetUtil.java:191)] - Failed to get SOMAXCONN from sysctl and file \proc\sys\net\core\somaxconn. Default: 200
2022-11-01 11:41:47.593 DEBUG [Forwarding newSession on session null to remote] [io.netty.channel.DefaultChannelId.<clinit>(DefaultChannelId.java:101)] - -Dio.netty.machineId: b0:10:41:ff:fe:3e:3f:dd (auto-detected)
2022-11-01 11:41:47.740 DEBUG [AsyncHttpClient-1-2] [io.netty.buffer.AbstractByteBuf.<clinit>(AbstractByteBuf.java:63)] - -Dio.netty.buffer.checkAccessible: true
2022-11-01 11:41:47.740 DEBUG [AsyncHttpClient-1-2] [io.netty.buffer.AbstractByteBuf.<clinit>(AbstractByteBuf.java:64)] - -Dio.netty.buffer.checkBounds: true
2022-11-01 11:41:47.741 DEBUG [AsyncHttpClient-1-2] [io.netty.util.ResourceLeakDetectorFactory$DefaultResourceLeakDetectorFactory.newResourceLeakDetector(ResourceLeakDetectorFactory.java:196)] - Loaded default ResourceLeakDetector: io.netty.util.ResourceLeakDetector@4e44d5d0
2022-11-01 11:41:47.819 DEBUG [AsyncHttpClient-1-2] [io.netty.util.Recycler.<clinit>(Recycler.java:85)] - -Dio.netty.recycler.maxCapacityPerThread: 4096
2022-11-01 11:41:47.819 DEBUG [AsyncHttpClient-1-2] [io.netty.util.Recycler.<clinit>(Recycler.java:86)] - -Dio.netty.recycler.ratio: 8
2022-11-01 11:41:47.819 DEBUG [AsyncHttpClient-1-2] [io.netty.util.Recycler.<clinit>(Recycler.java:87)] - -Dio.netty.recycler.chunkSize: 32
2022-11-01 11:41:47.820 DEBUG [AsyncHttpClient-1-2] [io.netty.util.Recycler.<clinit>(Recycler.java:88)] - -Dio.netty.recycler.blocking: false
2022-11-01 11:42:20.666 DEBUG [AsyncHttpClient-1-2] [io.netty.handler.codec.compression.Brotli.<clinit>(Brotli.java:38)] - brotli4j not in the classpath; Brotli support will be unavailable.
2022-11-01 11:42:21.329 DEBUG [TestNG-tests-1] [io.netty.util.internal.ThreadLocalRandom.newSeed(ThreadLocalRandom.java:214)] - -Dio.netty.initialSeedUniquifier: 0x678be6d6ae1f966d
2022-11-01 11:42:40.617 INFO [TestNG-tests-1] [com.interBanking.testCases.TC_LoginTest_001.loginTest(TC_LoginTest_001.java:13)] - url is opened
2022-11-01 11:42:45.754 INFO [TestNG-tests-1] [com.interBanking.testCases.TC_LoginTest_001.loginTest(TC_LoginTest_001.java:19)] - Enter username
2022-11-01 11:42:46.082 INFO [TestNG-tests-1] [com.interBanking.testCases.TC_LoginTest_001.loginTest(TC_LoginTest_001.java:21)] - Enter password
2022-11-01 11:42:51.770 INFO [TestNG-tests-1] [com.interBanking.testCases.TC_LoginTest_001.loginTest(TC_LoginTest_001.java:28)] - Login Test Passed
